2024-10-16T03:44:04.539Z [info]: Port opened successfully
2024-10-16T03:44:54.690Z [info]: Processed line: 141024B0255
2024-10-16T03:45:13.879Z [info]: Processed line: 141024B0255
2024-10-16T03:47:18.214Z [info]: Processed line: 141024A0117
2024-10-16T03:47:32.851Z [info]: Processed line: 141024A0117
2024-10-16T03:47:36.219Z [info]: Processed line: 141024A0117
2024-10-16T03:47:50.489Z [info]: Processed line: 141024A0117
2024-10-16T03:47:53.741Z [info]: Processed line: 141024A0117
2024-10-16T03:48:08.195Z [info]: Processed line: 141024A0117
2024-10-16T03:48:11.512Z [info]: Processed line: 141024A0117
2024-10-16T03:48:25.999Z [info]: Processed line: 141024A0117
2024-10-16T03:48:29.350Z [info]: Processed line: 141024A0117
2024-10-16T03:48:43.654Z [info]: Processed line: 141024A0117
2024-10-16T03:48:46.972Z [info]: Processed line: 141024A0117
2024-10-16T03:49:01.009Z [info]: Processed line: 141024A0117
2024-10-16T03:49:04.327Z [info]: Processed line: 141024A0117
2024-10-16T03:49:18.164Z [info]: Processed line: 141024A0117
2024-10-16T03:49:21.431Z [info]: Processed line: 141024A0117
2024-10-16T03:49:35.591Z [info]: Processed line: 141024A0117
2024-10-16T03:49:38.853Z [info]: Processed line: 141024A0117
2024-10-16T03:49:53.707Z [info]: Processed line: 141024A0117
2024-10-16T03:49:57.024Z [info]: Processed line: 141024A0117
2024-10-16T03:50:11.129Z [info]: Processed line: 141024A0117
2024-10-16T03:50:14.463Z [info]: Processed line: 141024A0117
2024-10-16T03:50:28.784Z [info]: Processed line: 141024A0117
2024-10-16T03:50:32.118Z [info]: Processed line: 141024A0117
2024-10-16T03:50:46.205Z [info]: Processed line: 141024A0117
2024-10-16T03:50:49.556Z [info]: Processed line: 141024A0117
2024-10-16T03:51:03.464Z [info]: Processed line: 141024A0117
2024-10-16T03:51:06.793Z [info]: Processed line: 141024A0117
2024-10-16T03:51:21.114Z [info]: Processed line: 141024A0117
2024-10-16T03:51:24.481Z [info]: Processed line: 141024A0117
2024-10-16T03:51:38.919Z [info]: Processed line: 141024A0117
2024-10-16T03:51:42.236Z [info]: Processed line: 141024A0117
2024-10-16T03:51:56.690Z [info]: Processed line: 141024A0117
2024-10-16T03:52:00.008Z [info]: Processed line: 141024A0117
2024-10-16T03:52:13.312Z [info]: Processed line: 141024A0117
2024-10-16T03:52:16.596Z [info]: Processed line: 141024A0117
2024-10-16T03:52:30.583Z [info]: Processed line: 141024A0117
2024-10-16T03:52:33.968Z [info]: Processed line: 141024A0117
2024-10-16T03:52:48.505Z [info]: Processed line: 141024A0117
2024-10-16T03:52:51.789Z [info]: Processed line: 141024A0117
2024-10-16T03:53:06.243Z [info]: Processed line: 141024A0117
2024-10-16T03:53:09.561Z [info]: Processed line: 141024A0117
2024-10-16T03:53:23.715Z [info]: Processed line: 141024A0117
2024-10-16T03:53:27.059Z [info]: Processed line: 141024A0117
2024-10-16T03:53:40.727Z [info]: Processed line: 141024A0117
2024-10-16T03:53:44.037Z [info]: Processed line: 141024A0117
2024-10-16T03:53:58.224Z [info]: Processed line: 141024A0117
2024-10-16T03:54:01.559Z [info]: Processed line: 141024A0117
2024-10-16T03:54:15.713Z [info]: Processed line: 141024A0117
2024-10-16T03:54:19.057Z [info]: Processed line: 141024A0117
2024-10-16T03:54:33.651Z [info]: Processed line: 141024A0117
2024-10-16T03:54:36.985Z [info]: Processed line: 141024A0117
2024-10-16T03:54:51.611Z [info]: Processed line: 141024A0117
2024-10-16T03:54:54.907Z [info]: Processed line: 141024A0117
2024-10-16T03:55:09.178Z [info]: Processed line: 141024A0117
2024-10-16T03:55:12.478Z [info]: Processed line: 141024A0117
2024-10-16T03:55:26.149Z [info]: Processed line: 141024A0117
2024-10-16T03:55:29.450Z [info]: Processed line: 141024A0117
2024-10-16T03:55:43.621Z [info]: Processed line: 141024A0117
2024-10-16T03:55:46.972Z [info]: Processed line: 141024A0117
2024-10-16T03:56:01.192Z [info]: Processed line: 141024A0117
2024-10-16T03:56:04.527Z [info]: Processed line: 141024A0117
2024-10-16T03:56:18.614Z [info]: Processed line: 141024A0117
2024-10-16T03:56:21.915Z [info]: Processed line: 141024A0117
2024-10-16T03:56:35.752Z [info]: Processed line: 141024A0117
2024-10-16T03:56:39.019Z [info]: Processed line: 141024A0117
2024-10-16T03:56:53.057Z [info]: Processed line: 141024A0117
2024-10-16T03:56:56.397Z [info]: Processed line: 141024A0117
2024-10-16T03:57:10.645Z [info]: Processed line: 141024A0117
2024-10-16T03:57:13.963Z [info]: Processed line: 141024A0117
2024-10-16T03:57:28.266Z [info]: Processed line: 141024A0117
2024-10-16T03:57:31.567Z [info]: Processed line: 141024A0117
2024-10-16T03:57:46.121Z [info]: Processed line: 141024A0117
2024-10-16T03:57:49.464Z [info]: Processed line: 141024A0117
2024-10-16T03:58:03.850Z [info]: Processed line: NG
2024-10-16T03:58:07.177Z [info]: Processed line: 141024A0117
2024-10-16T03:58:21.464Z [info]: Processed line: 141024A0117
2024-10-16T03:58:24.882Z [info]: Processed line: 141024A0117
2024-10-16T03:58:39.453Z [info]: Processed line: 141024A0117
2024-10-16T03:58:42.805Z [info]: Processed line: 141024A0117
2024-10-16T03:58:57.057Z [info]: Processed line: 141024A0117
2024-10-16T03:59:00.358Z [info]: Processed line: 141024A0117
2024-10-16T03:59:14.445Z [info]: Processed line: 141024A0117
2024-10-16T03:59:17.747Z [info]: Processed line: 141024A0117
2024-10-16T03:59:31.934Z [info]: Processed line: 141024A0117
2024-10-16T03:59:35.218Z [info]: Processed line: 141024A0117
2024-10-16T03:59:49.205Z [info]: Processed line: 141024A0117
2024-10-16T03:59:52.539Z [info]: Processed line: 141024A0117
2024-10-16T04:00:06.910Z [info]: Processed line: 141024A0117
2024-10-16T04:00:10.161Z [info]: Processed line: 141024A0117
2024-10-16T04:00:23.849Z [info]: Processed line: 141024A0117
2024-10-16T04:00:27.166Z [info]: Processed line: 141024A0117
2024-10-16T04:00:41.387Z [info]: Processed line: 141024A0117
2024-10-16T04:00:44.740Z [info]: Processed line: 141024A0117
2024-10-16T04:00:59.008Z [info]: Processed line: 141024A0117
2024-10-16T04:01:02.292Z [info]: Processed line: 141024A0117
2024-10-16T04:01:16.003Z [info]: Processed line: NG
2024-10-16T04:01:19.297Z [info]: Processed line: 141024A0117
2024-10-16T04:01:33.601Z [info]: Processed line: 141024A0117
2024-10-16T04:01:36.919Z [info]: Processed line: 141024A0117
2024-10-16T04:01:50.922Z [info]: Processed line: 141024A0117
2024-10-16T04:01:54.290Z [info]: Processed line: 141024A0117
2024-10-16T04:02:08.694Z [info]: Processed line: 141024A0117
2024-10-16T04:02:11.995Z [info]: Processed line: 141024A0117
2024-10-16T04:02:25.932Z [info]: Processed line: 141024A0117
2024-10-16T04:02:29.216Z [info]: Processed line: 141024A0117
2024-10-16T04:02:43.437Z [info]: Processed line: 141024A0117
2024-10-16T04:02:46.738Z [info]: Processed line: 141024A0117
2024-10-16T04:03:00.658Z [info]: Processed line: 141024A0117
2024-10-16T04:03:03.942Z [info]: Processed line: 141024A0117
2024-10-16T04:03:17.963Z [info]: Processed line: 141024A0117
2024-10-16T04:03:21.231Z [info]: Processed line: 141024A0117
2024-10-16T04:03:36.018Z [info]: Processed line: 141024A0117
2024-10-16T04:03:39.319Z [info]: Processed line: 141024A0117
2024-10-16T04:03:53.506Z [info]: Processed line: 141024A0117
2024-10-16T04:03:56.790Z [info]: Processed line: 141024A0117
2024-10-16T04:04:11.111Z [info]: Processed line: 141024A0117
2024-10-16T04:04:14.412Z [info]: Processed line: 141024A0117
2024-10-16T04:04:28.783Z [info]: Processed line: 141024A0117
2024-10-16T04:04:32.050Z [info]: Processed line: 141024A0117
2024-10-16T04:04:46.321Z [info]: Processed line: 141024A0117
2024-10-16T04:04:49.729Z [info]: Processed line: NG
2024-10-16T04:05:04.009Z [info]: Processed line: 141024A0117
2024-10-16T04:05:07.277Z [info]: Processed line: 141024A0117
2024-10-16T04:05:21.398Z [info]: Processed line: 141024A0117
2024-10-16T04:05:24.648Z [info]: Processed line: 141024A0117
2024-10-16T04:05:38.835Z [info]: Processed line: 141024A0117
2024-10-16T04:05:42.086Z [info]: Processed line: 141024A0117
2024-10-16T04:05:56.140Z [info]: Processed line: 141024A0117
2024-10-16T04:05:59.408Z [info]: Processed line: 141024A0117
2024-10-16T04:06:13.328Z [info]: Processed line: 141024A0117
2024-10-16T04:06:16.629Z [info]: Processed line: 141024A0117
2024-10-16T04:06:30.916Z [info]: Processed line: 141024A0117
2024-10-16T04:06:34.184Z [info]: Processed line: 141024A0117
2024-10-16T04:06:48.137Z [info]: Processed line: 141024A0117
2024-10-16T04:06:51.522Z [info]: Processed line: 141024A0117
2024-10-16T04:07:05.526Z [info]: Processed line: 141024A0117
2024-10-16T04:07:08.860Z [info]: Processed line: 141024A0117
2024-10-16T04:07:22.747Z [info]: Processed line: 141024A0117
2024-10-16T04:07:26.132Z [info]: Processed line: 141024A0117
2024-10-16T04:07:40.569Z [info]: Processed line: 141024A0117
2024-10-16T04:07:43.837Z [info]: Processed line: 141024A0117
2024-10-16T04:07:57.774Z [info]: Processed line: 141024A0117
2024-10-16T04:08:01.091Z [info]: Processed line: 141024A0117
2024-10-16T04:08:14.896Z [info]: Processed line: 141024A0117
2024-10-16T04:08:18.263Z [info]: Processed line: 141024A0117
2024-10-16T04:08:33.234Z [info]: Processed line: 141024A0117
2024-10-16T04:08:36.518Z [info]: Processed line: 141024A0117
2024-10-16T04:08:50.789Z [info]: Processed line: 141024A0117
2024-10-16T04:08:54.090Z [info]: Processed line: 141024A0117
2024-10-16T04:09:08.451Z [info]: Processed line: NG
2024-10-16T04:09:11.711Z [info]: Processed line: 141024A0117
2024-10-16T04:09:26.415Z [info]: Processed line: 141024A0117
2024-10-16T04:09:29.666Z [info]: Processed line: 141024A0117
2024-10-16T04:09:43.578Z [info]: Processed line: 141024A0117
2024-10-16T04:09:46.804Z [info]: Processed line: 141024A0117
2024-10-16T04:10:00.791Z [info]: Processed line: 141024A0117
2024-10-16T04:10:04.042Z [info]: Processed line: 141024A0117
2024-10-16T04:10:18.446Z [info]: Processed line: 141024A0117
2024-10-16T04:10:21.764Z [info]: Processed line: 141024A0117
2024-10-16T04:10:36.485Z [info]: Processed line: 141024A0117
2024-10-16T04:10:39.802Z [info]: Processed line: 141024A0117
2024-10-16T04:10:53.806Z [info]: Processed line: 141024A0117
2024-10-16T04:10:57.124Z [info]: Processed line: 141024A0117
2024-10-16T04:11:10.927Z [info]: Processed line: 141024A0117
2024-10-16T04:11:14.161Z [info]: Processed line: 141024A0117
2024-10-16T04:11:28.581Z [info]: Processed line: 141024A0117
2024-10-16T04:11:31.849Z [info]: Processed line: 141024A0117
2024-10-16T04:11:46.503Z [info]: Processed line: 141024A0117
2024-10-16T04:11:49.837Z [info]: Processed line: 141024A0117
2024-10-16T04:12:03.941Z [info]: Processed line: 141024A0117
2024-10-16T04:12:07.342Z [info]: Processed line: 141024A0117
2024-10-16T04:12:21.347Z [info]: Processed line: 141024A0117
2024-10-16T04:12:24.614Z [info]: Processed line: 141024A0117
2024-10-16T04:12:39.201Z [info]: Processed line: 141024A0117
2024-10-16T04:12:42.486Z [info]: Processed line: 141024A0117
2024-10-16T04:12:56.473Z [info]: Processed line: 141024A0117
2024-10-16T04:12:59.757Z [info]: Processed line: 141024A0117
2024-10-16T04:13:14.311Z [info]: Processed line: 141024A0117
2024-10-16T04:13:17.562Z [info]: Processed line: 141024A0117
2024-10-16T04:13:32.033Z [info]: Processed line: 141024A0117
2024-10-16T04:13:35.251Z [info]: Processed line: 141024A0117
2024-10-16T04:13:49.705Z [info]: Processed line: 141024A0117
2024-10-16T04:13:52.989Z [info]: Processed line: 141024A0117
2024-10-16T04:14:07.427Z [info]: Processed line: 141024A0117
2024-10-16T04:14:10.710Z [info]: Processed line: 141024A0117
2024-10-16T04:14:24.381Z [info]: Processed line: 141024A0117
2024-10-16T04:14:27.665Z [info]: Processed line: 141024A0117
2024-10-16T04:14:42.269Z [info]: Processed line: 141024A0117
2024-10-16T04:14:45.570Z [info]: Processed line: 141024A0117
2024-10-16T04:14:59.341Z [info]: Processed line: 141024A0117
2024-10-16T04:15:02.658Z [info]: Processed line: 141024A0117
2024-10-16T04:15:17.063Z [info]: Processed line: 141024A0117
2024-10-16T04:15:20.380Z [info]: Processed line: 141024A0117
2024-10-16T04:15:34.901Z [info]: Processed line: 141024A0117
2024-10-16T04:15:38.185Z [info]: Processed line: 141024A0117
2024-10-16T04:15:52.556Z [info]: Processed line: 141024A0117
2024-10-16T04:15:55.823Z [info]: Processed line: 141024A0117
2024-10-16T04:16:10.360Z [info]: Processed line: 141024A0117
2024-10-16T04:16:14.395Z [info]: Processed line: 141024A0117
2024-10-16T04:16:28.282Z [info]: Processed line: 141024A0117
2024-10-16T04:16:31.550Z [info]: Processed line: 141024A0117
2024-10-16T04:16:45.353Z [info]: Processed line: 141024A0117
2024-10-16T04:16:48.621Z [info]: Processed line: 141024A0117
2024-10-16T04:17:02.675Z [info]: Processed line: 141024A0117
2024-10-16T04:17:06.042Z [info]: Processed line: 141024A0117
2024-10-16T04:17:20.613Z [info]: Processed line: 141024A0117
2024-10-16T04:17:23.930Z [info]: Processed line: 141024A0117
2024-10-16T04:17:38.001Z [info]: Processed line: 141024A0117
2024-10-16T04:17:41.285Z [info]: Processed line: 141024A0117
2024-10-16T04:17:55.172Z [info]: Processed line: 141024A0117
2024-10-16T04:17:58.473Z [info]: Processed line: 141024A0117
2024-10-16T04:18:12.677Z [info]: Processed line: 141024A0117
2024-10-16T04:18:15.945Z [info]: Processed line: 141024A0117
2024-10-16T04:18:29.515Z [info]: Processed line: 141024A0117
2024-10-16T04:18:32.766Z [info]: Processed line: 141024A0117
2024-10-16T04:18:46.854Z [info]: Processed line: 141024A0117
2024-10-16T04:18:50.138Z [info]: Processed line: 141024A0117
2024-10-16T04:19:04.742Z [info]: Processed line: 141024A0117
2024-10-16T04:19:08.043Z [info]: Processed line: 141024A0117
2024-10-16T04:19:22.697Z [info]: Processed line: 141024A0117
2024-10-16T04:19:25.965Z [info]: Processed line: 141024A0117
2024-10-16T04:19:39.852Z [info]: Processed line: 141024A0117
2024-10-16T04:19:43.070Z [info]: Processed line: 141024A0117
2024-10-16T04:19:58.023Z [info]: Processed line: 141024A0117
2024-10-16T04:20:01.258Z [info]: Processed line: 141024A0117
2024-10-16T04:20:15.312Z [info]: Processed line: 141024A0117
2024-10-16T04:20:18.546Z [info]: Processed line: 141024A0117
2024-10-16T04:20:32.783Z [info]: Processed line: 141024A0117
2024-10-16T04:20:36.051Z [info]: Processed line: 141024A0117
2024-10-16T04:20:50.155Z [info]: Processed line: 141024A0117
2024-10-16T04:20:53.456Z [info]: Processed line: 141024A0117
2024-10-16T04:21:06.893Z [info]: Processed line: 141024A0117
2024-10-16T04:21:10.177Z [info]: Processed line: 141024A0117
2024-10-16T04:21:24.547Z [info]: Processed line: 141024A0117
2024-10-16T04:21:27.765Z [info]: Processed line: 141024A0117
2024-10-16T04:21:42.136Z [info]: Processed line: 141024A0117
2024-10-16T04:21:45.403Z [info]: Processed line: 141024A0117
2024-10-16T04:21:59.607Z [info]: Processed line: 141024A0117
2024-10-16T04:22:02.891Z [info]: Processed line: 141024A0117
2024-10-16T04:22:16.928Z [info]: Processed line: 141024A0117
2024-10-16T04:22:20.246Z [info]: Processed line: 141024A0117
2024-10-16T04:22:34.033Z [info]: Processed line: 141024A0117
2024-10-16T04:22:37.301Z [info]: Processed line: 141024A0117
2024-10-16T04:22:50.921Z [info]: Processed line: 141024A0117
2024-10-16T04:22:54.189Z [info]: Processed line: 141024A0117
2024-10-16T04:23:08.193Z [info]: Processed line: 141024A0117
2024-10-16T04:23:11.494Z [info]: Processed line: 141024A0117
2024-10-16T04:23:25.664Z [info]: Processed line: 141024A0117
2024-10-16T04:23:28.915Z [info]: Processed line: 141024A0117
2024-10-16T04:23:43.352Z [info]: Processed line: 141024A0117
2024-10-16T04:23:46.637Z [info]: Processed line: 141024A0117
2024-10-16T04:24:01.107Z [info]: Processed line: 141024A0117
2024-10-16T04:24:04.358Z [info]: Processed line: 141024A0117
2024-10-16T04:24:18.396Z [info]: Processed line: 141024A0117
2024-10-16T04:24:21.696Z [info]: Processed line: 141024A0117
2024-10-16T04:24:36.284Z [info]: Processed line: 141024A0117
2024-10-16T04:24:39.568Z [info]: Processed line: 141024A0117
2024-10-16T04:24:54.172Z [info]: Processed line: 141024A0117
2024-10-16T04:24:57.423Z [info]: Processed line: 141024A0117
2024-10-16T04:25:11.910Z [info]: Processed line: 141024A0117
2024-10-16T04:25:15.128Z [info]: Processed line: 141024A0117
2024-10-16T04:25:29.532Z [info]: Processed line: 141024A0117
2024-10-16T04:25:32.833Z [info]: Processed line: 141024A0117
2024-10-16T04:25:47.120Z [info]: Processed line: 141024A0117
2024-10-16T04:25:50.354Z [info]: Processed line: 141024A0117
2024-10-16T04:26:04.442Z [info]: Processed line: 141024A0117
2024-10-16T04:26:07.709Z [info]: Processed line: 141024A0117
2024-10-16T04:26:22.197Z [info]: Processed line: 141024A0117
2024-10-16T04:26:25.481Z [info]: Processed line: 141024A0117
2024-10-16T04:26:39.535Z [info]: Processed line: 141024A0117
2024-10-16T04:26:42.836Z [info]: Processed line: 141024A0117
2024-10-16T04:26:57.190Z [info]: Processed line: 141024A0117
2024-10-16T04:27:00.474Z [info]: Processed line: 141024A0117
2024-10-16T04:27:14.761Z [info]: Processed line: 141024A0117
2024-10-16T04:27:18.079Z [info]: Processed line: 141024A0117
2024-10-16T04:27:32.249Z [info]: Processed line: 141024A0117
2024-10-16T04:27:35.584Z [info]: Processed line: 141024A0117
2024-10-16T04:27:49.788Z [info]: Processed line: 141024A0117
2024-10-16T04:27:53.055Z [info]: Processed line: 141024A0117
2024-10-16T04:28:07.709Z [info]: Processed line: 141024A0117
2024-10-16T04:28:10.977Z [info]: Processed line: 141024A0117
2024-10-16T04:28:25.164Z [info]: Processed line: 141024A0117
2024-10-16T04:28:28.481Z [info]: Processed line: 141024A0117
2024-10-16T04:28:42.119Z [info]: Processed line: 141024A0117
2024-10-16T04:28:45.469Z [info]: Processed line: 141024A0117
2024-10-16T04:28:59.847Z [info]: Processed line: 141024A0117
2024-10-16T04:29:03.124Z [info]: Processed line: 141024A0117
2024-10-16T04:29:17.462Z [info]: Processed line: 141024A0117
2024-10-16T04:29:20.746Z [info]: Processed line: 141024A0117
2024-10-16T04:29:34.299Z [info]: Processed line: 141024A0117
2024-10-16T04:29:37.617Z [info]: Processed line: 141024A0117
2024-10-16T04:29:52.038Z [info]: Processed line: 141024A0117
2024-10-16T04:29:55.338Z [info]: Processed line: 141024A0117
2024-10-16T04:30:09.576Z [info]: Processed line: 141024A0117
2024-10-16T04:30:12.893Z [info]: Processed line: 141024A0117
2024-10-16T04:30:27.114Z [info]: Processed line: 141024A0117
2024-10-16T04:30:30.382Z [info]: Processed line: 141024A0117
2024-10-16T04:30:45.036Z [info]: Processed line: 141024A0117
2024-10-16T04:30:48.511Z [info]: Processed line: NG
2024-10-16T04:31:02.791Z [info]: Processed line: 141024A0117
2024-10-16T04:31:06.092Z [info]: Processed line: 141024A0117
2024-10-16T04:31:20.113Z [info]: Processed line: 141024A0117
2024-10-16T04:31:23.479Z [info]: Processed line: 141024A0117
2024-10-16T04:31:37.767Z [info]: Processed line: 141024A0117
2024-10-16T04:31:41.084Z [info]: Processed line: 141024A0117
2024-10-16T04:31:55.755Z [info]: Processed line: 141024A0117
2024-10-16T04:31:59.523Z [info]: Processed line: 141024A0117
2024-10-16T04:32:13.760Z [info]: Processed line: 141024A0117
2024-10-16T04:32:17.094Z [info]: Processed line: 141024A0117
2024-10-16T04:32:31.532Z [info]: Processed line: 141024A0117
2024-10-16T04:32:34.849Z [info]: Processed line: 141024A0117
2024-10-16T04:32:48.937Z [info]: Processed line: 141024A0117
2024-10-16T04:32:52.205Z [info]: Processed line: 141024A0117
2024-10-16T04:33:06.275Z [info]: Processed line: 141024A0117
2024-10-16T04:33:09.510Z [info]: Processed line: 141024A0117
2024-10-16T04:33:24.080Z [info]: Processed line: 141024A0117
2024-10-16T04:33:27.314Z [info]: Processed line: 141024A0117
2024-10-16T04:33:41.735Z [info]: Processed line: 141024A0117
2024-10-16T04:33:45.036Z [info]: Processed line: 141024A0117
2024-10-16T04:33:58.923Z [info]: Processed line: 141024A0117
2024-10-16T04:34:02.207Z [info]: Processed line: 141024A0117
2024-10-16T04:34:16.295Z [info]: Processed line: 141024A0117
2024-10-16T04:34:19.562Z [info]: Processed line: 141024A0117
2024-10-16T04:34:33.050Z [info]: Processed line: 141024A0117
2024-10-16T04:34:36.950Z [info]: Processed line: 141024A0117
2024-10-16T04:34:50.871Z [info]: Processed line: 141024A0117
2024-10-16T04:34:54.188Z [info]: Processed line: 141024A0117
2024-10-16T04:35:08.359Z [info]: Processed line: 141024A0117
2024-10-16T04:35:11.710Z [info]: Processed line: 141024A0117
2024-10-16T04:35:25.680Z [info]: Processed line: 141024A0117
2024-10-16T04:35:28.915Z [info]: Processed line: 141024A0117
2024-10-16T04:35:43.386Z [info]: Processed line: 141024A0117
2024-10-16T04:35:46.619Z [info]: Processed line: 141024A0117
2024-10-16T04:36:01.007Z [info]: Processed line: 141024A0117
2024-10-16T04:36:04.308Z [info]: Processed line: 141024A0117
2024-10-16T04:36:18.895Z [info]: Processed line: 141024A0117
2024-10-16T04:36:22.146Z [info]: Processed line: 141024A0117
2024-10-16T04:36:35.350Z [info]: Processed line: 141024A0117
2024-10-16T04:36:38.617Z [info]: Processed line: 141024A0117
2024-10-16T04:36:52.771Z [info]: Processed line: 141024A0117
2024-10-16T04:36:55.989Z [info]: Processed line: 141024A0117
2024-10-16T04:37:10.259Z [info]: Processed line: 141024A0117
2024-10-16T04:37:14.477Z [info]: Processed line: 141024A0117
2024-10-16T04:37:28.181Z [info]: Processed line: 141024A0117
2024-10-16T04:37:31.499Z [info]: Processed line: 141024A0117
2024-10-16T04:37:45.519Z [info]: Processed line: 141024A0117
2024-10-16T04:37:48.837Z [info]: Processed line: 141024A0117
2024-10-16T04:38:03.141Z [info]: Processed line: 141024A0117
2024-10-16T04:38:06.475Z [info]: Processed line: 141024A0117
2024-10-16T04:38:21.212Z [info]: Processed line: 141024A0117
2024-10-16T04:38:24.463Z [info]: Processed line: 141024A0117
2024-10-16T04:38:39.050Z [info]: Processed line: 141024A0117
2024-10-16T04:38:42.268Z [info]: Processed line: 141024A0117
2024-10-16T04:38:56.722Z [info]: Processed line: 141024A0117
2024-10-16T04:38:59.973Z [info]: Processed line: 141024A0117
2024-10-16T04:39:14.277Z [info]: Processed line: 141024A0117
2024-10-16T04:39:17.611Z [info]: Processed line: 141024A0117
2024-10-16T04:39:31.249Z [info]: Processed line: 141024A0117
2024-10-16T04:39:34.533Z [info]: Processed line: 141024A0117
2024-10-16T04:39:48.844Z [info]: Processed line: 141024A0117
2024-10-16T04:39:52.071Z [info]: Processed line: 141024A0117
2024-10-16T04:40:06.742Z [info]: Processed line: 141024A0117
2024-10-16T04:40:09.959Z [info]: Processed line: 141024A0117
2024-10-16T04:40:24.297Z [info]: Processed line: 141024A0117
2024-10-16T04:40:27.514Z [info]: Processed line: 141024A0117
2024-10-16T04:40:42.001Z [info]: Processed line: 141024A0117
2024-10-16T04:40:45.236Z [info]: Processed line: 141024A0117
2024-10-16T04:40:59.073Z [info]: Processed line: 141024A0117
2024-10-16T04:41:02.457Z [info]: Processed line: 141024A0117
2024-10-16T04:41:16.678Z [info]: Processed line: 141024A0117
2024-10-16T04:41:19.962Z [info]: Processed line: 141024A0117
2024-10-16T04:41:33.799Z [info]: Processed line: 141024A0117
2024-10-16T04:41:37.116Z [info]: Processed line: 141024A0117
2024-10-16T04:41:51.020Z [info]: Processed line: 141024A0117
2024-10-16T04:41:54.254Z [info]: Processed line: 141024A0117
2024-10-16T04:42:09.025Z [info]: Processed line: 141024A0117
2024-10-16T04:42:12.276Z [info]: Processed line: 141024A0117
2024-10-16T04:42:26.913Z [info]: Processed line: 141024A0117
2024-10-16T04:42:30.247Z [info]: Processed line: 141024A0117
2024-10-16T04:42:44.985Z [info]: Processed line: 141024A0117
2024-10-16T04:42:48.219Z [info]: Processed line: 141024A0117
2024-10-16T04:43:02.640Z [info]: Processed line: 141024A0117
2024-10-16T04:43:05.924Z [info]: Processed line: 141024A0117
2024-10-16T04:43:20.245Z [info]: Processed line: 141024A0117
2024-10-16T04:43:23.479Z [info]: Processed line: 141024A0117
2024-10-16T04:43:37.733Z [info]: Processed line: 141024A0117
2024-10-16T04:43:40.968Z [info]: Processed line: 141024A0117
2024-10-16T04:43:55.088Z [info]: Processed line: 141024A0117
2024-10-16T04:43:58.339Z [info]: Processed line: 141024A0117
2024-10-16T04:44:13.026Z [info]: Processed line: 141024A0117
2024-10-16T04:44:16.261Z [info]: Processed line: 141024A0117
2024-10-16T04:44:30.315Z [info]: Processed line: 141024A0117
2024-10-16T04:44:33.549Z [info]: Processed line: 141024A0117
2024-10-16T04:44:47.269Z [info]: Processed line: 141024A0117
2024-10-16T04:44:50.537Z [info]: Processed line: 141024A0117
2024-10-16T04:45:04.974Z [info]: Processed line: 141024A0117
2024-10-16T04:45:08.242Z [info]: Processed line: 141024A0117
2024-10-16T04:45:21.879Z [info]: Processed line: 141024A0117
2024-10-16T04:45:25.246Z [info]: Processed line: 141024A0117
2024-10-16T04:45:39.817Z [info]: Processed line: 141024A0117
2024-10-16T04:45:43.102Z [info]: Processed line: 141024A0117
2024-10-16T04:45:56.805Z [info]: Processed line: 141024A0117
2024-10-16T04:46:00.156Z [info]: Processed line: 141024A0117
2024-10-16T04:46:13.743Z [info]: Processed line: 141024A0117
2024-10-16T04:46:17.011Z [info]: Processed line: 141024A0117
2024-10-16T04:46:31.198Z [info]: Processed line: 141024A0117
2024-10-16T04:46:34.532Z [info]: Processed line: 141024A0117
2024-10-16T04:46:48.770Z [info]: Processed line: 141024A0117
2024-10-16T04:46:52.104Z [info]: Processed line: 141024A0117
2024-10-16T04:47:05.824Z [info]: Processed line: 141024A0117
2024-10-16T04:47:09.059Z [info]: Processed line: 141024A0117
2024-10-16T04:47:23.996Z [info]: Processed line: 141024A0117
2024-10-16T04:47:27.297Z [info]: Processed line: 141024A0117
2024-10-16T04:47:41.834Z [info]: Processed line: 141024A0117
2024-10-16T04:47:45.136Z [info]: Processed line: 141024A0117
2024-10-16T04:47:59.439Z [info]: Processed line: 141024A0117
2024-10-16T04:48:02.707Z [info]: Processed line: 141024A0117
2024-10-16T04:48:16.644Z [info]: Processed line: 141024A0117
2024-10-16T04:48:19.979Z [info]: Processed line: 141024A0117
2024-10-16T04:48:33.765Z [info]: Processed line: 141024A0117
2024-10-16T04:48:37.233Z [info]: Processed line: 141024A0117
2024-10-16T04:48:51.353Z [info]: Processed line: 141024A0117
2024-10-16T04:48:54.688Z [info]: Processed line: 141024A0117
2024-10-16T04:49:08.892Z [info]: Processed line: 141024A0117
2024-10-16T04:49:12.243Z [info]: Processed line: 141024A0117
2024-10-16T04:49:27.030Z [info]: Processed line: 141024A0117
2024-10-16T04:49:30.297Z [info]: Processed line: 141024A0117
2024-10-16T04:49:44.418Z [info]: Processed line: 141024A0117
2024-10-16T04:49:47.786Z [info]: Processed line: 141024A0117
2024-10-16T04:50:01.590Z [info]: Processed line: 141024A0117
2024-10-16T04:50:04.840Z [info]: Processed line: 141024A0117
2024-10-16T04:50:19.228Z [info]: Processed line: 141024A0117
2024-10-16T04:50:22.479Z [info]: Processed line: 141024A0117
2024-10-16T04:50:36.449Z [info]: Processed line: 141024A0117
2024-10-16T04:50:39.700Z [info]: Processed line: 141024A0117
2024-10-16T04:50:53.738Z [info]: Processed line: 141024A0117
2024-10-16T04:50:57.005Z [info]: Processed line: 141024A0117
2024-10-16T04:51:10.676Z [info]: Processed line: 141024A0117
2024-10-16T04:51:13.910Z [info]: Processed line: 141024A0117
2024-10-16T04:51:28.014Z [info]: Processed line: 141024A0117
2024-10-16T04:51:31.281Z [info]: Processed line: 141024A0117
2024-10-16T04:51:45.102Z [info]: Processed line: 141024A0117
2024-10-16T04:51:48.353Z [info]: Processed line: 141024A0117
2024-10-16T04:52:02.873Z [info]: Processed line: 141024A0117
2024-10-16T04:52:06.141Z [info]: Processed line: 141024A0117
2024-10-16T04:52:20.462Z [info]: Processed line: 141024A0117
2024-10-16T04:52:23.779Z [info]: Processed line: 141024A0117
2024-10-16T04:52:37.883Z [info]: Processed line: 141024A0117
2024-10-16T04:52:41.217Z [info]: Processed line: 141024A0117
2024-10-16T04:52:55.838Z [info]: Processed line: 141024A0117
2024-10-16T04:52:59.506Z [info]: Processed line: 141024A0117
2024-10-16T04:53:14.310Z [info]: Processed line: 141024A0117
2024-10-16T04:53:17.678Z [info]: Processed line: 141024A0117
2024-10-16T04:53:31.897Z [info]: Processed line: 141024A0117
2024-10-16T04:53:35.182Z [info]: Processed line: 141024A0117
2024-10-16T04:53:48.869Z [info]: Processed line: 141024A0117
2024-10-16T04:53:52.220Z [info]: Processed line: 141024A0117
2024-10-16T04:54:06.357Z [info]: Processed line: 141024A0117
2024-10-16T04:54:09.658Z [info]: Processed line: 141024A0117
2024-10-16T04:54:23.545Z [info]: Processed line: 141024A0117
2024-10-16T04:54:26.896Z [info]: Processed line: 141024A0117
2024-10-16T04:54:40.934Z [info]: Processed line: 141024A0117
2024-10-16T04:54:44.268Z [info]: Processed line: 141024A0117
2024-10-16T04:54:58.655Z [info]: Processed line: 141024A0117
2024-10-16T04:55:02.006Z [info]: Processed line: 141024A0117
2024-10-16T04:55:16.460Z [info]: Processed line: 141024A0117
2024-10-16T04:55:19.745Z [info]: Processed line: 141024A0117
2024-10-16T04:55:33.415Z [info]: Processed line: 141024A0117
2024-10-16T04:55:37.149Z [info]: Processed line: 141024A0117
2024-10-16T04:55:51.219Z [info]: Processed line: 141024A0117
2024-10-16T04:55:54.471Z [info]: Processed line: 141024A0117
2024-10-16T04:56:08.924Z [info]: Processed line: 141024A0117
2024-10-16T04:56:12.275Z [info]: Processed line: 141024A0117
2024-10-16T04:56:26.349Z [info]: Processed line: 141024A0117
2024-10-16T04:56:29.630Z [info]: Processed line: 141024A0117
2024-10-16T04:56:43.818Z [info]: Processed line: 141024A0117
2024-10-16T04:56:47.119Z [info]: Processed line: 141024A0117
2024-10-16T04:57:01.523Z [info]: Processed line: 141024A0117
2024-10-16T04:57:04.840Z [info]: Processed line: 141024A0117
2024-10-16T04:57:19.161Z [info]: Processed line: 141024A0117
2024-10-16T04:57:22.479Z [info]: Processed line: 141024A0117
2024-10-16T04:57:36.265Z [info]: Processed line: 141024A0117
2024-10-16T04:57:39.633Z [info]: Processed line: 141024A0117
2024-10-16T04:57:54.387Z [info]: Processed line: 141024A0117
2024-10-16T04:57:57.738Z [info]: Processed line: 141024A0117
2024-10-16T04:58:11.925Z [info]: Processed line: 141024A0117
2024-10-16T04:58:15.243Z [info]: Processed line: 141024A0117
2024-10-16T04:58:29.814Z [info]: Processed line: 141024A0117
2024-10-16T04:58:33.065Z [info]: Processed line: 141024A0117
2024-10-16T04:58:47.585Z [info]: Processed line: 141024A0117
2024-10-16T04:58:50.903Z [info]: Processed line: 141024A0117
2024-10-16T04:59:04.907Z [info]: Processed line: 141024A0117
2024-10-16T04:59:08.274Z [info]: Processed line: 141024A0117
2024-10-16T04:59:22.411Z [info]: Processed line: 141024A0117
2024-10-16T04:59:25.629Z [info]: Processed line: 141024A0117
2024-10-16T04:59:39.900Z [info]: Processed line: 141024A0117
2024-10-16T04:59:43.217Z [info]: Processed line: 141024A0117
2024-10-16T04:59:57.805Z [info]: Processed line: 141024A0117
2024-10-16T05:00:01.123Z [info]: Processed line: 141024A0117
2024-10-16T05:00:15.643Z [info]: Processed line: 141024A0117
2024-10-16T05:00:18.927Z [info]: Processed line: 141024A0117
2024-10-16T05:00:33.431Z [info]: Processed line: 141024A0117
2024-10-16T05:00:36.749Z [info]: Processed line: 141024A0117
2024-10-16T05:00:50.903Z [info]: Processed line: 141024A0117
2024-10-16T05:00:54.237Z [info]: Processed line: 141024A0117
2024-10-16T05:01:07.691Z [info]: Processed line: 141024A0117
2024-10-16T05:01:11.008Z [info]: Processed line: 141024A0117
2024-10-16T05:01:25.262Z [info]: Processed line: 141024A0117
2024-10-16T05:01:28.580Z [info]: Processed line: 141024A0117
2024-10-16T05:01:42.367Z [info]: Processed line: 141024A0117
2024-10-16T05:01:45.668Z [info]: Processed line: 141024A0117
2024-10-16T05:01:59.972Z [info]: Processed line: 141024A0117
2024-10-16T05:02:03.314Z [info]: Processed line: 141024A0117
2024-10-16T05:02:17.294Z [info]: Processed line: 141024A0117
2024-10-16T05:02:20.645Z [info]: Processed line: 141024A0117
2024-10-16T05:02:35.498Z [info]: Processed line: 141024A0117
2024-10-16T05:02:38.816Z [info]: Processed line: 141024A0117
2024-10-16T05:02:53.695Z [info]: Processed line: 141024A0117
2024-10-16T05:02:57.038Z [info]: Processed line: 141024A0117
2024-10-16T06:38:33.911Z [info]: Processed line: 141024B0304
2024-10-16T10:10:38.104Z [info]: Processed line: 141024B0304
2024-10-16T10:10:57.266Z [info]: Port opened successfully
2024-10-16T10:11:17.999Z [info]: Processed line: 141024A0057
2024-10-16T10:11:32.519Z [info]: Processed line: 141024A0057
2024-10-16T10:11:35.987Z [info]: Processed line: 141024A0057
2024-10-16T10:11:50.474Z [info]: Processed line: 141024A0057
2024-10-16T10:11:53.909Z [info]: Processed line: 141024A0057
2024-10-16T10:12:08.112Z [info]: Processed line: 141024A0057
2024-10-16T10:14:32.788Z [info]: Port opened successfully
2024-10-16T10:15:05.061Z [info]: Processed line: 141024A0057
2024-10-16T10:15:19.248Z [info]: Processed line: 141024A0057
2024-10-16T10:15:22.666Z [info]: Processed line: 141024A0057
2024-10-16T10:15:36.870Z [info]: Processed line: 141024A0057
2024-10-16T10:15:40.221Z [info]: Processed line: 141024A0057
2024-10-16T10:15:54.992Z [info]: Processed line: 141024A0057
2024-10-16T10:15:58.359Z [info]: Processed line: 141024A0057
2024-10-16T10:16:12.380Z [info]: Processed line: 141024A0057
2024-10-16T10:16:15.664Z [info]: Processed line: 141024A0057
2024-10-16T10:16:30.602Z [info]: Processed line: 141024A0057
2024-10-16T10:16:34.002Z [info]: Processed line: 141024A0057
2024-10-16T10:16:47.956Z [info]: Processed line: 141024A0057
2024-10-16T10:16:51.309Z [info]: Processed line: 141024A0057
2024-10-16T10:17:05.578Z [info]: Processed line: 141024A0057
2024-10-16T10:17:08.895Z [info]: Processed line: 141024A0057
2024-10-16T10:17:22.983Z [info]: Processed line: 141024A0057
2024-10-16T10:17:26.384Z [info]: Processed line: 141024A0057
2024-10-16T10:35:34.919Z [info]: Processed line: 141024A0057
2024-10-16T10:35:48.005Z [info]: Processed line: 141024A0057
2024-10-16T10:35:53.824Z [info]: Processed line: 141024A0057
2024-10-16T10:36:24.766Z [info]: Processed line: 141024A0057
2024-10-16T10:36:31.818Z [info]: Processed line: 141024A0057
2024-10-16T12:12:32.081Z [info]: Port opened successfully
2024-10-16T12:12:39.020Z [info]: Port opened successfully
2024-10-16T12:12:42.246Z [info]: Port opened successfully
2024-10-16T12:14:21.828Z [info]: Processed line: 141024A0057
2024-10-16T12:14:35.999Z [info]: Processed line: 141024A0057
2024-10-16T12:14:39.266Z [info]: Processed line: 141024A0057
2024-10-16T12:14:53.537Z [info]: Processed line: 141024A0057
2024-10-16T12:14:56.878Z [info]: Processed line: 141024A0057
2024-10-16T12:15:53.108Z [info]: Port opened successfully
2024-10-16T12:16:02.866Z [info]: Port opened successfully
2024-10-16T12:16:16.100Z [info]: Port opened successfully
2024-10-16T12:16:20.867Z [info]: Port opened successfully
2024-10-16T12:16:27.570Z [info]: Port opened successfully
2024-10-16T12:16:38.262Z [info]: Port opened successfully
2024-10-16T12:16:45.436Z [info]: Port opened successfully
2024-10-16T12:16:54.244Z [info]: Port opened successfully
2024-10-16T12:17:06.614Z [info]: Port opened successfully
2024-10-16T12:17:45.607Z [info]: Port opened successfully
2024-10-16T12:17:51.730Z [info]: Port opened successfully
2024-10-16T12:18:08.619Z [info]: Port opened successfully
2024-10-16T12:19:07.317Z [info]: Port opened successfully
2024-10-16T12:20:24.713Z [info]: Port opened successfully
2024-10-16T12:20:34.487Z [info]: Port opened successfully
2024-10-16T12:21:21.578Z [info]: Processed line: 141024A0057
2024-10-16T12:21:41.167Z [info]: Processed line: 141024A0057
2024-10-16T12:21:44.584Z [info]: Processed line: 141024A0057
2024-10-16T12:22:04.006Z [info]: Processed line: 141024A0057
2024-10-16T12:22:07.257Z [info]: Processed line: 141024A0057
2024-10-16T12:22:26.496Z [info]: Processed line: 141024A0057
2024-10-16T12:22:29.964Z [info]: Processed line: 141024A0057
2024-10-16T12:22:49.719Z [info]: Processed line: 141024A0057
2024-10-16T12:22:53.220Z [info]: Processed line: 141024A0057
2024-10-16T12:23:12.008Z [info]: Processed line: 141024A0057
2024-10-16T12:23:15.259Z [info]: Processed line: 141024A0057
2024-10-16T12:23:34.181Z [info]: Processed line: 141024A0057
2024-10-16T12:23:37.615Z [info]: Processed line: 141024A0057
2024-10-16T12:23:57.037Z [info]: Processed line: 141024A0057
2024-10-16T12:24:00.438Z [info]: Processed line: 141024A0057
2024-10-16T12:24:19.251Z [info]: Processed line: NG
2024-10-16T12:24:22.645Z [info]: Processed line: 141024A0057
2024-10-16T12:24:41.900Z [info]: Processed line: 141024A0057
2024-10-16T12:24:45.351Z [info]: Processed line: 141024A0057
2024-10-16T12:25:05.048Z [info]: Processed line: 141024A0057
2024-10-16T12:25:08.424Z [info]: Processed line: 141024A0057
2024-10-16T12:25:27.879Z [info]: Processed line: 141024A0057
2024-10-16T12:25:31.364Z [info]: Processed line: 141024A0057
2024-10-16T12:25:51.036Z [info]: Processed line: 141024A0057
2024-10-16T12:25:54.403Z [info]: Processed line: 141024A0057
2024-10-16T12:26:14.109Z [info]: Processed line: 141024A0057
2024-10-16T12:26:17.360Z [info]: Processed line: 141024A0057
2024-10-16T12:26:36.682Z [info]: Processed line: 141024A0057
2024-10-16T12:26:40.099Z [info]: Processed line: 141024A0057
2024-10-16T12:26:59.271Z [info]: Processed line: 141024A0057
2024-10-16T12:27:02.556Z [info]: Processed line: 141024A0057
2024-10-16T12:27:22.244Z [info]: Processed line: 141024A0057
2024-10-16T12:27:25.496Z [info]: Processed line: 141024A0057
2024-10-16T12:27:44.701Z [info]: Processed line: 141024A0057
2024-10-16T12:27:48.068Z [info]: Processed line: 141024A0057
2024-10-16T12:28:07.224Z [info]: Processed line: 141024A0057
2024-10-16T12:28:11.358Z [info]: Processed line: 141024A0057
2024-10-16T12:28:31.021Z [info]: Processed line: NG
2024-10-16T12:28:34.381Z [info]: Processed line: 141024A0057
2024-10-16T12:28:54.187Z [info]: Processed line: 141024A0057
2024-10-16T12:28:57.588Z [info]: Processed line: 141024A0057
2024-10-16T12:29:17.426Z [info]: Processed line: 141024A0057
2024-10-16T12:29:20.811Z [info]: Processed line: 141024A0057
2024-10-16T12:29:39.683Z [info]: Processed line: 141024A0057
2024-10-16T12:29:43.067Z [info]: Processed line: 141024A0057
2024-10-16T12:30:02.106Z [info]: Processed line: 141024A0057
2024-10-16T12:30:05.490Z [info]: Processed line: 141024A0057
2024-10-16T12:30:24.745Z [info]: Processed line: 141024A0057
2024-10-16T12:30:28.146Z [info]: Processed line: 141024A0057
2024-10-16T12:30:47.518Z [info]: Processed line: 141024A0057
2024-10-16T12:30:50.886Z [info]: Processed line: 141024A0057
2024-10-16T12:31:09.974Z [info]: Processed line: 141024A0057
2024-10-16T12:31:13.425Z [info]: Processed line: 141024A0057
2024-10-16T12:31:33.014Z [info]: Processed line: 141024A0057
2024-10-16T12:31:36.432Z [info]: Processed line: 141024A0057
2024-10-16T12:31:55.203Z [info]: Processed line: 141024A0057
2024-10-16T12:31:58.587Z [info]: Processed line: 141024A0057
2024-10-16T12:32:18.210Z [info]: Processed line: 141024A0057
2024-10-16T12:32:21.577Z [info]: Processed line: 141024A0057
2024-10-16T12:32:40.883Z [info]: Processed line: 141024A0057
2024-10-16T12:32:44.334Z [info]: Processed line: 141024A0057
2024-10-16T12:33:03.956Z [info]: Processed line: 141024A0057
2024-10-16T12:33:07.257Z [info]: Processed line: 141024A0057
2024-10-16T12:33:26.779Z [info]: Processed line: 141024A0057
2024-10-16T12:33:30.230Z [info]: Processed line: 141024A0057
2024-10-16T12:33:49.568Z [info]: Processed line: 141024A0057
2024-10-16T12:33:53.036Z [info]: Processed line: 141024A0057
2024-10-16T12:34:12.208Z [info]: Processed line: 141024A0057
2024-10-16T12:34:15.659Z [info]: Processed line: 141024A0057
2024-10-16T12:34:34.498Z [info]: Processed line: 141024A0057
2024-10-16T12:34:37.882Z [info]: Processed line: 141024A0057
2024-10-16T12:34:57.054Z [info]: Processed line: 141024A0057
2024-10-16T12:35:00.921Z [info]: Processed line: 141024A0057
2024-10-16T12:35:20.177Z [info]: Processed line: 141024A0057
2024-10-16T12:35:23.561Z [info]: Processed line: 141024A0057
2024-10-16T12:35:43.333Z [info]: Processed line: 141024A0057
2024-10-16T12:35:46.734Z [info]: Processed line: 141024A0057
2024-10-16T12:36:06.523Z [info]: Processed line: 141024A0057
2024-10-16T12:36:09.907Z [info]: Processed line: 141024A0057
2024-10-16T12:36:29.063Z [info]: Processed line: 141024A0057
2024-10-16T12:36:32.280Z [info]: Processed line: 141024A0057
2024-10-16T12:36:51.586Z [info]: Processed line: 141024A0057
2024-10-16T12:36:54.987Z [info]: Processed line: 141024A0057
2024-10-16T12:37:14.342Z [info]: Processed line: 141024A0057
2024-10-16T12:37:17.709Z [info]: Processed line: 141024A0057
2024-10-16T12:37:36.765Z [info]: Processed line: 141024A0057
2024-10-16T12:37:40.166Z [info]: Processed line: 141024A0057
2024-10-16T12:37:59.438Z [info]: Processed line: 141024A0057
2024-10-16T12:38:02.872Z [info]: Processed line: 141024A0057
2024-10-16T12:38:21.611Z [info]: Processed line: 141024A0057
2024-10-16T12:38:25.078Z [info]: Processed line: 141024A0057
2024-10-16T12:38:43.917Z [info]: Processed line: 141024A0057
2024-10-16T12:38:47.334Z [info]: Processed line: 141024A0057
2024-10-16T12:39:06.673Z [info]: Processed line: 141024A0057
2024-10-16T12:39:10.108Z [info]: Processed line: 141024A0057
2024-10-16T12:39:30.046Z [info]: Processed line: 141024A0057
2024-10-16T12:39:33.431Z [info]: Processed line: 141024A0057
2024-10-16T12:39:53.136Z [info]: Processed line: 141024A0057
2024-10-16T12:39:56.354Z [info]: Processed line: 141024A0057
2024-10-16T12:40:15.559Z [info]: Processed line: 141024A0057
2024-10-16T12:40:18.776Z [info]: Processed line: 141024A0057
2024-10-16T12:40:38.015Z [info]: Processed line: 141024A0057
2024-10-16T12:40:41.383Z [info]: Processed line: 141024A0057
2024-10-16T12:41:00.621Z [info]: Processed line: 141024A0057
2024-10-16T12:41:03.989Z [info]: Processed line: 141024A0057
2024-10-16T12:41:23.428Z [info]: Processed line: 141024A0057
2024-10-16T12:41:26.845Z [info]: Processed line: 141024A0057
2024-10-16T12:41:46.651Z [info]: Processed line: 141024A0057
2024-10-16T12:41:50.435Z [info]: Processed line: 141024A0057
2024-10-16T12:42:09.791Z [info]: Processed line: 141024A0057
2024-10-16T12:42:13.008Z [info]: Processed line: 141024A0057
2024-10-16T12:42:32.497Z [info]: Processed line: 141024A0057
2024-10-16T12:42:35.815Z [info]: Processed line: 141024A0057
2024-10-16T12:42:55.420Z [info]: Processed line: 141024A0057
2024-10-16T12:42:58.804Z [info]: Processed line: 141024A0057
2024-10-16T12:43:18.077Z [info]: Processed line: 141024A0057
2024-10-16T12:43:21.527Z [info]: Processed line: 141024A0057
2024-10-16T12:43:40.799Z [info]: Processed line: 141024A0057
2024-10-16T12:43:44.166Z [info]: Processed line: 141024A0057
2024-10-16T12:44:03.272Z [info]: Processed line: 141024A0057
2024-10-16T12:44:06.723Z [info]: Processed line: 141024A0057
2024-10-16T12:44:26.111Z [info]: Processed line: 141024A0057
2024-10-16T12:44:29.496Z [info]: Processed line: 141024A0057
2024-10-16T12:44:48.535Z [info]: Processed line: 141024A0057
2024-10-16T12:44:52.002Z [info]: Processed line: 141024A0057
2024-10-16T12:45:11.825Z [info]: Processed line: 141024A0057
2024-10-16T12:45:15.275Z [info]: Processed line: 141024A0057
2024-10-16T12:45:34.981Z [info]: Processed line: 141024A0057
2024-10-16T12:45:38.365Z [info]: Processed line: 141024A0057
2024-10-16T12:45:58.054Z [info]: Processed line: 141024A0057
2024-10-16T12:46:02.422Z [info]: Processed line: 141024A0057
2024-10-16T12:46:22.044Z [info]: Processed line: 141024A0057
2024-10-16T12:46:25.461Z [info]: Processed line: 141024A0057
2024-10-16T12:46:44.949Z [info]: Processed line: 141024A0057
2024-10-16T12:46:48.351Z [info]: Processed line: 141024A0057
2024-10-16T12:47:07.406Z [info]: Processed line: 141024A0057
2024-10-16T12:47:10.807Z [info]: Processed line: 141024A0057
2024-10-16T12:47:30.412Z [info]: Processed line: 141024A0057
2024-10-16T12:47:33.880Z [info]: Processed line: 141024A0057
2024-10-16T12:47:53.736Z [info]: Processed line: 141024A0057
2024-10-16T12:47:57.137Z [info]: Processed line: 141024A0057
2024-10-16T12:48:17.226Z [info]: Processed line: 141024A0057
2024-10-16T12:48:20.593Z [info]: Processed line: 141024A0057
2024-10-16T12:48:39.849Z [info]: Processed line: 141024A0057
2024-10-16T12:48:43.266Z [info]: Processed line: 141024A0057
2024-10-16T12:49:02.455Z [info]: Processed line: 141024A0057
2024-10-16T12:49:05.922Z [info]: Processed line: 141024A0057
2024-10-16T12:49:24.961Z [info]: Processed line: 141024A0057
2024-10-16T12:49:28.395Z [info]: Processed line: 141024A0057
2024-10-16T12:49:48.051Z [info]: Processed line: 141024A0057
2024-10-16T12:49:51.502Z [info]: Processed line: 141024A0057
2024-10-16T12:50:11.124Z [info]: Processed line: 141024A0057
2024-10-16T12:50:14.559Z [info]: Processed line: 141024A0057
2024-10-16T12:50:33.714Z [info]: Processed line: 141024A0057
2024-10-16T12:50:36.931Z [info]: Processed line: 141024A0057
2024-10-16T12:50:56.670Z [info]: Processed line: 141024A0057
2024-10-16T12:51:00.155Z [info]: Processed line: 141024A0057
2024-10-16T12:51:19.326Z [info]: Processed line: 141024A0057
2024-10-16T12:51:22.727Z [info]: Processed line: 141024A0057
2024-10-16T12:51:42.650Z [info]: Processed line: 141024A0057
2024-10-16T12:51:46.050Z [info]: Processed line: 141024A0057
2024-10-16T12:52:05.522Z [info]: Processed line: 141024A0057
2024-10-16T12:52:08.939Z [info]: Processed line: 141024A0057
2024-10-16T12:52:28.095Z [info]: Processed line: 141024A0057
2024-10-16T12:52:31.546Z [info]: Processed line: 141024A0057
2024-10-16T12:52:51.052Z [info]: Processed line: 141024A0057
2024-10-16T12:52:54.303Z [info]: Processed line: 141024A0057
2024-10-16T12:53:14.258Z [info]: Processed line: 141024A0057
2024-10-16T12:53:17.492Z [info]: Processed line: 141024A0057
2024-10-16T12:53:37.231Z [info]: Processed line: 141024A0057
2024-10-16T12:53:40.615Z [info]: Processed line: 141024A0057
2024-10-16T12:53:59.787Z [info]: Processed line: 141024A0057
2024-10-16T12:54:03.122Z [info]: Processed line: 141024A0057
2024-10-16T12:54:22.427Z [info]: Processed line: 141024A0057
2024-10-16T12:54:26.245Z [info]: Processed line: 141024A0057
2024-10-16T12:54:45.833Z [info]: Processed line: 141024A0057
2024-10-16T12:54:49.134Z [info]: Processed line: 141024A0057
2024-10-16T12:55:09.440Z [info]: Processed line: 141024A0057
2024-10-16T12:55:12.924Z [info]: Processed line: 141024A0057
2024-10-16T12:55:32.097Z [info]: Processed line: 141024A0057
2024-10-16T12:55:35.514Z [info]: Processed line: 141024A0057
2024-10-16T12:55:54.636Z [info]: Processed line: 141024A0057
2024-10-16T12:55:58.087Z [info]: Processed line: 141024A0057
2024-10-16T12:56:17.059Z [info]: Processed line: 141024A0057
2024-10-16T12:56:20.576Z [info]: Processed line: 141024A0057
2024-10-16T12:56:39.882Z [info]: Processed line: 141024A0057
2024-10-16T12:56:43.349Z [info]: Processed line: 141024A0057
2024-10-16T12:57:03.071Z [info]: Processed line: 141024A0057
2024-10-16T12:57:06.289Z [info]: Processed line: 141024A0057
2024-10-16T12:57:25.845Z [info]: Processed line: 141024A0057
2024-10-16T12:57:29.362Z [info]: Processed line: 141024A0057
2024-10-16T12:57:48.601Z [info]: Processed line: 141024A0057
2024-10-16T12:57:51.852Z [info]: Processed line: 141024A0057
2024-10-16T12:58:11.157Z [info]: Processed line: 141024A0057
2024-10-16T12:58:14.558Z [info]: Processed line: 141024A0057
2024-10-16T12:58:33.380Z [info]: Processed line: 141024A0057
2024-10-16T12:58:36.781Z [info]: Processed line: 141024A0057
2024-10-16T12:58:56.370Z [info]: Processed line: 141024A0057
2024-10-16T12:58:59.587Z [info]: Processed line: 141024A0057
2024-10-16T12:59:18.576Z [info]: Processed line: 141024A0057
2024-10-16T12:59:21.994Z [info]: Processed line: 141024A0057
2024-10-16T12:59:41.266Z [info]: Processed line: 141024A0057
2024-10-16T12:59:44.850Z [info]: Processed line: 141024A0057
2024-10-16T13:00:04.138Z [info]: Processed line: 141024A0057
2024-10-16T13:00:07.539Z [info]: Processed line: 141024A0057
2024-10-16T13:00:27.095Z [info]: Processed line: 141024A0057
2024-10-16T13:00:30.546Z [info]: Processed line: 141024A0057
2024-10-16T13:00:49.768Z [info]: Processed line: 141024A0057
2024-10-16T13:00:53.185Z [info]: Processed line: 141024A0057
2024-10-16T13:01:12.473Z [info]: Processed line: 141024A0057
2024-10-16T13:01:15.941Z [info]: Processed line: 141024A0057
2024-10-16T13:01:35.647Z [info]: Processed line: 141024A0057
2024-10-16T13:01:39.064Z [info]: Processed line: 141024A0057
2024-10-16T13:01:58.470Z [info]: Processed line: 141024A0057
2024-10-16T13:02:01.871Z [info]: Processed line: 141024A0057
2024-10-16T13:02:21.210Z [info]: Processed line: 141024A0057
2024-10-16T13:02:24.727Z [info]: Processed line: 141024A0057
2024-10-16T13:02:43.866Z [info]: Processed line: 141024A0057
2024-10-16T13:02:47.084Z [info]: Processed line: 141024A0057
2024-10-16T13:03:06.556Z [info]: Processed line: 141024A0057
2024-10-16T13:03:09.773Z [info]: Processed line: 141024A0057
2024-10-16T13:03:29.028Z [info]: Processed line: 141024A0057
2024-10-16T13:03:32.413Z [info]: Processed line: 141024A0057
2024-10-16T13:03:51.435Z [info]: Processed line: 141024A0057
2024-10-16T13:03:54.685Z [info]: Processed line: 141024A0057
2024-10-16T13:04:14.141Z [info]: Processed line: 141024A0057
2024-10-16T13:04:17.575Z [info]: Processed line: 141024A0057
2024-10-16T13:04:36.964Z [info]: Processed line: 141024A0057
2024-10-16T13:04:40.181Z [info]: Processed line: 141024A0057
2024-10-16T13:04:59.453Z [info]: Processed line: 141024A0057
2024-10-16T13:05:02.771Z [info]: Processed line: 141024A0057
2024-10-16T13:05:22.426Z [info]: Processed line: 141024A0057
2024-10-16T13:05:25.678Z [info]: Processed line: 141024A0057
2024-10-16T13:05:45.450Z [info]: Processed line: 141024A0057
2024-10-16T13:05:48.851Z [info]: Processed line: 141024A0057
2024-10-16T13:06:08.323Z [info]: Processed line: 141024A0057
2024-10-16T13:06:11.573Z [info]: Processed line: 141024A0057
2024-10-16T13:06:31.079Z [info]: Processed line: 141024A0057
2024-10-16T13:06:34.430Z [info]: Processed line: 141024A0057
2024-10-16T13:06:53.902Z [info]: Processed line: 141024A0057
2024-10-16T13:06:57.403Z [info]: Processed line: 141024A0057
2024-10-16T13:07:17.325Z [info]: Processed line: 141024A0057
2024-10-16T13:07:20.693Z [info]: Processed line: 141024A0057
2024-10-16T13:07:39.605Z [info]: Processed line: 141024A0057
2024-10-16T13:07:42.951Z [info]: Processed line: 141024A0057
2024-10-16T13:08:02.371Z [info]: Processed line: 141024A0057
2024-10-16T13:08:05.805Z [info]: Processed line: 141024A0057
2024-10-16T13:08:25.361Z [info]: Processed line: 141024A0057
2024-10-16T13:08:28.761Z [info]: Processed line: 141024A0057
2024-10-16T13:08:48.184Z [info]: Processed line: 141024A0057
2024-10-16T13:08:51.401Z [info]: Processed line: 141024A0057
2024-10-16T13:09:10.723Z [info]: Processed line: 141024A0057
2024-10-16T13:09:14.074Z [info]: Processed line: 141024A0057
2024-10-16T13:09:33.663Z [info]: Processed line: 141024A0057
2024-10-16T13:09:37.097Z [info]: Processed line: 141024A0057
2024-10-16T13:09:56.243Z [info]: Processed line: NG
2024-10-16T13:09:59.654Z [info]: Processed line: 141024A0057
2024-10-16T13:10:18.609Z [info]: Processed line: 141024A0057
2024-10-16T13:10:21.876Z [info]: Processed line: 141024A0057
2024-10-16T13:10:40.665Z [info]: Processed line: 141024A0057
2024-10-16T13:10:43.883Z [info]: Processed line: 141024A0057
2024-10-16T13:11:03.338Z [info]: Processed line: 141024A0057
2024-10-16T13:11:06.756Z [info]: Processed line: 141024A0057
2024-10-16T13:11:26.294Z [info]: Processed line: 141024A0057
2024-10-16T13:11:29.795Z [info]: Processed line: 141024A0057
2024-10-16T13:11:48.684Z [info]: Processed line: 141024A0057
2024-10-16T13:11:51.935Z [info]: Processed line: 141024A0057
2024-10-16T13:12:11.623Z [info]: Processed line: 141024A0057
2024-10-16T13:12:14.841Z [info]: Processed line: 141024A0057
2024-10-16T13:12:33.630Z [info]: Processed line: 141024A0057
2024-10-16T13:12:37.080Z [info]: Processed line: 141024A0057
2024-10-16T13:12:56.352Z [info]: Processed line: 141024A0057
2024-10-16T13:12:59.707Z [info]: Processed line: 141024A0057
2024-10-16T13:13:19.709Z [info]: Processed line: 141024A0057
2024-10-16T13:13:23.126Z [info]: Processed line: 141024A0057
2024-10-16T13:13:42.149Z [info]: Processed line: 141024A0057
2024-10-16T13:13:45.550Z [info]: Processed line: 141024A0057
2024-10-16T13:14:05.272Z [info]: Processed line: 141024A0057
2024-10-16T13:14:08.756Z [info]: Processed line: 141024A0057
2024-10-16T13:14:27.928Z [info]: Processed line: 141024A0057
2024-10-16T13:14:31.329Z [info]: Processed line: 141024A0057
2024-10-16T13:14:50.834Z [info]: Processed line: 141024A0057
2024-10-16T13:14:55.002Z [info]: Processed line: 141024A0057
2024-10-16T13:15:14.724Z [info]: Processed line: 141024A0057
2024-10-16T13:15:18.125Z [info]: Processed line: 141024A0057
2024-10-16T13:15:37.480Z [info]: Processed line: 141024A0057
2024-10-16T13:15:40.864Z [info]: Processed line: 141024A0057
2024-10-16T13:16:00.487Z [info]: Processed line: 141024A0057
2024-10-16T13:16:03.738Z [info]: Processed line: 141024A0057
2024-10-16T13:16:23.376Z [info]: Processed line: 141024A0057
2024-10-16T13:16:26.777Z [info]: Processed line: 141024A0057
2024-10-16T13:16:46.133Z [info]: Processed line: 141024A0057
2024-10-16T13:16:49.517Z [info]: Processed line: 141024A0057
2024-10-16T13:17:08.589Z [info]: Processed line: 141024A0057
2024-10-16T13:17:11.940Z [info]: Processed line: 141024A0057
2024-10-16T13:17:31.429Z [info]: Processed line: 141024A0057
2024-10-16T13:17:34.863Z [info]: Processed line: 141024A0057
2024-10-16T13:17:54.185Z [info]: Processed line: 141024A0057
2024-10-16T13:17:57.619Z [info]: Processed line: 141024A0057
2024-10-16T13:18:16.674Z [info]: Processed line: 141024A0057
2024-10-16T13:18:20.075Z [info]: Processed line: 141024A0057
2024-10-16T13:18:39.764Z [info]: Processed line: 141024A0057
2024-10-16T13:18:43.198Z [info]: Processed line: 141024A0057
2024-10-16T13:19:02.554Z [info]: Processed line: 141024A0057
2024-10-16T13:19:05.855Z [info]: Processed line: 141024A0057
2024-10-16T17:38:28.402Z [info]: Port is not initialized, nothing to close
2024-10-16T17:38:46.171Z [info]: Port is not initialized, nothing to close
2024-10-16T17:39:44.142Z [info]: Port opened successfully
2024-10-16T17:40:54.437Z [info]: Port opened successfully
2024-10-16T17:40:58.798Z [info]: Port opened successfully
2024-10-16T17:41:03.868Z [info]: Port opened successfully
2024-10-16T17:41:06.525Z [info]: Port opened successfully
2024-10-16T17:41:13.894Z [info]: Port opened successfully
2024-10-16T17:41:45.393Z [info]: Processed line: 141024A0057
2024-10-16T17:42:04.648Z [info]: Processed line: 141024A0057
2024-10-16T17:42:08.083Z [info]: Processed line: 141024A0057
2024-10-16T17:42:27.905Z [info]: Processed line: 141024A0057
2024-10-16T17:42:31.123Z [info]: Processed line: 141024A0057
2024-10-16T17:42:50.861Z [info]: Processed line: 141024A0057
2024-10-16T17:42:54.079Z [info]: Processed line: 141024A0057
2024-10-16T17:43:13.334Z [info]: Processed line: 141024A0057
2024-10-16T17:43:16.551Z [info]: Processed line: 141024A0057
2024-10-16T17:43:36.540Z [info]: Processed line: 141024A0057
2024-10-16T17:43:39.758Z [info]: Processed line: 141024A0057
2024-10-16T17:43:59.463Z [info]: Processed line: 141024A0057
2024-10-16T17:44:02.898Z [info]: Processed line: 141024A0057
2024-10-16T17:44:22.337Z [info]: Processed line: 141024A0057
2024-10-16T17:44:25.688Z [info]: Processed line: 141024A0057
2024-10-16T17:44:44.827Z [info]: Processed line: 141024A0057
2024-10-16T17:44:48.211Z [info]: Processed line: 141024A0057
2024-10-16T17:45:07.933Z [info]: Processed line: 141024A0057
2024-10-16T17:45:11.184Z [info]: Processed line: 141024A0057
2024-10-16T17:45:30.023Z [info]: Processed line: 141024A0057
2024-10-16T17:45:33.240Z [info]: Processed line: 141024A0057
2024-10-16T17:45:52.395Z [info]: Processed line: 141024A0057
2024-10-16T17:45:55.796Z [info]: Processed line: 141024A0057
2024-10-16T17:46:15.152Z [info]: Processed line: 141024A0057
2024-10-16T17:46:18.369Z [info]: Processed line: 141024A0057
2024-10-16T17:46:37.175Z [info]: Processed line: 141024A0057
2024-10-16T17:46:40.392Z [info]: Processed line: 141024A0057
2024-10-16T18:03:59.372Z [info]: Port opened successfully
2024-10-16T18:04:21.747Z [info]: Port opened successfully
2024-10-16T18:08:13.667Z [info]: Processed line: 141024A0057
2024-10-16T18:08:37.682Z [info]: Processed line: 141024A0057
2024-10-16T18:08:40.909Z [info]: Processed line: 141024A0057
2024-10-16T18:09:00.014Z [info]: Processed line: 141024A0057
2024-10-16T18:09:03.248Z [info]: Processed line: 141024A0057
2024-10-16T18:09:22.736Z [info]: Processed line: 141024A0057
2024-10-16T18:09:25.953Z [info]: Processed line: 141024A0057
2024-10-16T18:09:50.527Z [info]: Processed line: 141024A0057
2024-10-16T18:09:53.761Z [info]: Processed line: 141024A0057
2024-10-16T18:10:12.983Z [info]: Processed line: 141024A0057
2024-10-16T18:10:16.351Z [info]: Processed line: 141024A0057
2024-10-16T18:10:35.090Z [info]: Processed line: 141024A0057
2024-10-16T18:10:38.475Z [info]: Processed line: 141024A0057
2024-10-16T18:10:58.330Z [info]: Processed line: 141024A0057
2024-10-16T18:11:01.747Z [info]: Processed line: 141024A0057
2024-10-16T18:11:20.853Z [info]: Processed line: 141024A0057
2024-10-16T18:11:24.070Z [info]: Processed line: 141024A0057
2024-10-16T18:11:43.742Z [info]: Processed line: 141024A0057
2024-10-16T18:11:47.077Z [info]: Processed line: 141024A0057
2024-10-16T18:12:05.815Z [info]: Processed line: 141024A0057
2024-10-16T18:12:09.050Z [info]: Processed line: 141024A0057
2024-10-16T18:12:28.122Z [info]: Processed line: 141024A0057
2024-10-16T18:12:31.339Z [info]: Processed line: 141024A0057
2024-10-16T18:12:50.595Z [info]: Processed line: 141024A0057
2024-10-16T18:12:54.029Z [info]: Processed line: 141024A0057
2024-10-16T18:13:13.317Z [info]: Processed line: 141024A0057
2024-10-16T18:13:16.535Z [info]: Processed line: 141024A0057
2024-10-16T18:13:36.057Z [info]: Processed line: 141024A0057
2024-10-16T18:13:39.475Z [info]: Processed line: 141024A0057
2024-10-16T18:13:58.697Z [info]: Processed line: 141024A0057
2024-10-16T18:14:02.014Z [info]: Processed line: 141024A0057
2024-10-16T18:14:21.937Z [info]: Processed line: 141024A0057
2024-10-16T18:14:25.204Z [info]: Processed line: 141024A0057
2024-10-16T18:14:44.709Z [info]: Processed line: 141024A0057
2024-10-16T18:14:48.077Z [info]: Processed line: 141024A0057
2024-10-16T18:15:07.482Z [info]: Processed line: 141024A0057
2024-10-16T18:15:10.783Z [info]: Processed line: 141024A0057
2024-10-16T18:15:30.406Z [info]: Processed line: 141024A0057
2024-10-16T18:15:33.623Z [info]: Processed line: 141024A0057
2024-10-16T18:15:52.995Z [info]: Processed line: 141024A0057
2024-10-16T18:15:56.213Z [info]: Processed line: 141024A0057
2024-10-16T18:16:15.918Z [info]: Processed line: 141024A0057
2024-10-16T18:16:19.420Z [info]: Processed line: 141024A0057
2024-10-16T18:16:38.158Z [info]: Processed line: 141024A0057
2024-10-16T18:16:41.375Z [info]: Processed line: 141024A0057
2024-10-16T18:17:00.797Z [info]: Processed line: 141024A0057
2024-10-16T18:17:04.014Z [info]: Processed line: 141024A0057
2024-10-16T18:17:23.537Z [info]: Processed line: 141024A0057
2024-10-16T18:17:26.954Z [info]: Processed line: 141024A0057
2024-10-16T18:17:46.793Z [info]: Processed line: 141024A0057
2024-10-16T18:17:50.194Z [info]: Processed line: 141024A0057
2024-10-16T18:25:05.488Z [info]: Port opened successfully
2024-10-16T18:25:24.837Z [info]: Processed line: 141024A0057
2024-10-16T18:25:43.658Z [info]: Processed line: 141024A0057
2024-10-16T18:25:46.876Z [info]: Processed line: 141024A0057
2024-10-16T18:26:05.765Z [info]: Processed line: 141024A0057
2024-10-16T18:26:09.199Z [info]: Processed line: 141024A0057
2024-10-16T18:26:28.071Z [info]: Processed line: 141024A0057
2024-10-16T18:26:31.289Z [info]: Processed line: 141024A0057
2024-10-16T18:26:50.611Z [info]: Processed line: 141024A0057
2024-10-16T18:26:53.845Z [info]: Processed line: 141024A0057
2024-10-16T18:27:13.501Z [info]: Processed line: 141024A0057
2024-10-16T18:27:16.985Z [info]: Processed line: 141024A0057
